0 info it worked if it ends with ok
1 verbose cli [ 'D:\\Node\\nodejs\\node.exe',
1 verbose cli   'D:\\Node\\nodejs\\node_modules\\npm\\bin\\npm-cli.js',
1 verbose cli   'run',
1 verbose cli   'local',
1 verbose cli   '--scripts-prepend-node-path=auto' ]
2 info using npm@3.10.10
3 info using node@v6.10.0
4 verbose run-script [ 'prelocal', 'local', 'postlocal' ]
5 info lifecycle cloud-web@4.2.1~prelocal: cloud-web@4.2.1
6 silly lifecycle cloud-web@4.2.1~prelocal: no script for prelocal, continuing
7 info lifecycle cloud-web@4.2.1~local: cloud-web@4.2.1
8 verbose lifecycle cloud-web@4.2.1~local: unsafe-perm in lifecycle true
9 verbose lifecycle cloud-web@4.2.1~local: PATH: D:\Node\nvm\v6.10.0\node_modules\npm\bin\node-gyp-bin;E:\Learn\JAVA\Cloud-Web\node_modules\.bin;C:\ProgramData\Oracle\Java\javapath;C:\Windows\system32;C:\Windows;C:\Windows\System32\Wbem;C:\Windows\System32\WindowsPowerShell\v1.0\;C:\Windows\System32\OpenSSH\;C:\Program Files (x86)\NVIDIA Corporation\PhysX\Common;D:\Apache\apache-maven-3.6.3\bin\;D:\Java\Git\Git\cmd;D:\Node\nvm;D:\Node\nodejs;C:\Program Files\Java\jdk1.8.0_131;C:\Program Files\NVIDIA Corporation\NVIDIA NvDLISR;D:\Sql\mysql\MySql Server\bin;C:\Program Files (x86)\Pandoc\;D:\Vagrant\bin;C:\Users\Prock.Liy\AppData\Local\Microsoft\WindowsApps;C:\Users\Prock.Liy\AppData\Local\BypassRuntm;D:\Node\nvm;D:\Node\nodejs;D:\Java\idea\IntelliJ IDEA 2020.1.2\bin;
10 verbose lifecycle cloud-web@4.2.1~local: CWD: E:\Learn\JAVA\Cloud-Web
11 silly lifecycle cloud-web@4.2.1~local: Args: [ '/d /s /c', 'vue-cli-service serve' ]
12 silly lifecycle cloud-web@4.2.1~local: Returned: code: 1  signal: null
13 info lifecycle cloud-web@4.2.1~local: Failed to exec local script
14 verbose stack Error: cloud-web@4.2.1 local: `vue-cli-service serve`
14 verbose stack Exit status 1
14 verbose stack     at EventEmitter.<anonymous> (D:\Node\nvm\v6.10.0\node_modules\npm\lib\utils\lifecycle.js:255:16)
14 verbose stack     at emitTwo (events.js:106:13)
14 verbose stack     at EventEmitter.emit (events.js:191:7)
14 verbose stack     at ChildProcess.<anonymous> (D:\Node\nvm\v6.10.0\node_modules\npm\lib\utils\spawn.js:40:14)
14 verbose stack     at emitTwo (events.js:106:13)
14 verbose stack     at ChildProcess.emit (events.js:191:7)
14 verbose stack     at maybeClose (internal/child_process.js:877:16)
14 verbose stack     at Process.ChildProcess._handle.onexit (internal/child_process.js:226:5)
15 verbose pkgid cloud-web@4.2.1
16 verbose cwd E:\Learn\JAVA\Cloud-Web
17 error Windows_NT 10.0.18362
18 error argv "D:\\Node\\nodejs\\node.exe" "D:\\Node\\nodejs\\node_modules\\npm\\bin\\npm-cli.js" "run" "local" "--scripts-prepend-node-path=auto"
19 error node v6.10.0
20 error npm  v3.10.10
21 error code ELIFECYCLE
22 error cloud-web@4.2.1 local: `vue-cli-service serve`
22 error Exit status 1
23 error Failed at the cloud-web@4.2.1 local script 'vue-cli-service serve'.
23 error Make sure you have the latest version of node.js and npm installed.
23 error If you do, this is most likely a problem with the cloud-web package,
23 error not with npm itself.
23 error Tell the author that this fails on your system:
23 error     vue-cli-service serve
23 error You can get information on how to open an issue for this project with:
23 error     npm bugs cloud-web
23 error Or if that isn't available, you can get their info via:
23 error     npm owner ls cloud-web
23 error There is likely additional logging output above.
24 verbose exit [ 1, true ]
